<?xml version="1.0" encoding="UTF-8"?>
<testsuite xmlns:xsi="http://www.w3.org/2001/XMLSchema-instance" xsi:noNamespaceSchemaLocation="https://maven.apache.org/surefire/maven-surefire-plugin/xsd/surefire-test-report.xsd" version="3.0.2" name="com.mycompany.com2224algorithmsanddatastructuresassingment1.MainTest" time="0.052" tests="5" errors="0" skipped="0" failures="0">
  <properties>
[...]
</properties>
  <testcase name="testMergeSort" classname="com.mycompany.com2224algorithmsanddatastructuresassingment1.MainTest" time="0.022">
    <system-out><![CDATA[Running Test 5: Merge Sort (Sorting by Product ID)...
✅ Test 5 Passed: Merge Sort correctly arranged the random inputs into alphabetical order.
==================================================

]]></system-out>
  </testcase>
  <testcase name="testLinearSearchFound" classname="com.mycompany.com2224algorithmsanddatastructuresassingment1.MainTest" time="0.001">
    <system-out><![CDATA[Running Test 2: Linear Search (Finding an existing product)...
✅ Test 2 Passed: Linear Search correctly traversed the list and found the product.
--------------------------------------------------
]]></system-out>
  </testcase>
  <testcase name="testInsertion" classname="com.mycompany.com2224algorithmsanddatastructuresassingment1.MainTest" time="0.002">
    <system-out><![CDATA[Running Test 1: Insertion (Adding Products to Doubly Linked List)...
✅ Test 1 Passed: Successfully inserted 2 products and updated head/tail pointers.
--------------------------------------------------
]]></system-out>
  </testcase>
  <testcase name="testLinearSearchNotFound" classname="com.mycompany.com2224algorithmsanddatastructuresassingment1.MainTest" time="0.002">
    <system-out><![CDATA[Running Test 3: Linear Search (Searching for non-existent product)...
✅ Test 3 Passed: Linear Search safely handled a missing product (Returned null).
--------------------------------------------------
]]></system-out>
  </testcase>
  <testcase name="testRemoval" classname="com.mycompany.com2224algorithmsanddatastructuresassingment1.MainTest" time="0.002">
    <system-out><![CDATA[Running Test 4: Removal (Deleting a product & updating pointers)...
✅ Test 4 Passed: Removal deleted the product and correctly rewired the pointers.
--------------------------------------------------
]]></system-out>
  </testcase>
</testsuite>